SF:lib/models/change_log_model.dart
DA:12,1
DA:22,1
DA:23,1
DA:25,1
DA:26,1
DA:27,1
DA:28,1
DA:29,2
DA:30,1
DA:34,1
DA:35,1
DA:36,1
DA:37,1
DA:38,1
DA:39,1
DA:40,2
DA:41,1
LF:17
LH:17
end_of_record
SF:lib/services/change_log_service.dart
DA:8,1
DA:11,1
DA:12,4
DA:16,1
DA:17,1
DA:18,1
DA:19,1
DA:20,1
DA:21,1
DA:22,1
DA:23,3
DA:24,5
DA:25,1
DA:29,1
DA:30,1
DA:31,1
DA:32,1
DA:33,1
DA:34,1
DA:35,3
DA:36,5
DA:37,1
LF:22
LH:22
end_of_record
SF:lib/models/expense_model.dart
DA:21,1
DA:40,0
DA:41,0
DA:43,0
DA:44,0
DA:45,0
DA:46,0
DA:47,0
DA:48,0
DA:49,0
DA:50,0
DA:51,0
DA:52,0
DA:53,0
DA:54,0
DA:55,0
DA:56,0
DA:57,0
DA:58,0
DA:59,0
DA:60,0
DA:62,0
DA:63,0
DA:64,0
DA:65,0
DA:69,0
DA:70,0
DA:71,0
DA:72,0
DA:73,0
DA:74,0
DA:75,0
DA:76,0
DA:77,0
DA:78,0
DA:79,0
DA:80,0
DA:81,0
DA:83,0
DA:84,0
DA:85,0
DA:86,0
DA:90,0
DA:108,0
DA:109,0
DA:110,0
DA:111,0
DA:112,0
DA:113,0
DA:114,0
DA:115,0
DA:116,0
DA:117,0
DA:118,0
DA:119,0
DA:120,0
DA:121,0
DA:122,0
DA:123,0
DA:124,0
LF:60
LH:1
end_of_record
SF:lib/models/group_model.dart
DA:14,1
DA:27,0
DA:29,0
DA:30,0
DA:31,0
DA:32,0
DA:33,0
DA:34,0
DA:35,0
DA:36,0
DA:38,0
DA:39,0
DA:40,0
DA:44,0
DA:45,0
DA:55,0
DA:57,0
DA:58,0
DA:59,0
DA:60,0
DA:61,0
DA:62,0
DA:63,0
DA:64,0
DA:70,0
DA:71,0
DA:72,0
DA:73,0
DA:74,0
DA:75,0
DA:76,0
DA:77,0
DA:78,0
DA:80,0
LF:34
LH:1
end_of_record
SF:lib/services/debt_calculator_service.dart
DA:6,1
DA:7,3
DA:8,2
DA:10,2
DA:11,1
DA:12,2
DA:13,3
DA:16,1
DA:17,3
DA:18,1
DA:19,2
DA:20,3
DA:24,4
DA:25,2
DA:26,3
DA:34,1
DA:35,1
DA:36,1
DA:37,2
DA:38,5
DA:39,3
DA:41,5
DA:42,5
DA:43,1
DA:45,4
DA:46,9
DA:47,2
DA:48,2
DA:49,2
DA:52,7
DA:53,7
DA:54,4
DA:55,4
LF:33
LH:33
end_of_record
